{"C:\\Users\\Юзер\\Desktop\\WORK\\ts-calculator-testing\\src\\calculator.ts": {"path":"C:\\Users\\Юзер\\Desktop\\WORK\\ts-calculator-testing\\src\\calculator.ts","statementMap":{"0":{"start":{"line":5,"column":4},"end":{"line":19,"column":null}},"1":{"start":{"line":7,"column":8},"end":{"line":7,"column":21}},"2":{"start":{"line":9,"column":8},"end":{"line":9,"column":21}},"3":{"start":{"line":11,"column":8},"end":{"line":11,"column":21}},"4":{"start":{"line":13,"column":8},"end":{"line":15,"column":null}},"5":{"start":{"line":14,"column":10},"end":{"line":14,"column":44}},"6":{"start":{"line":16,"column":8},"end":{"line":16,"column":21}},"7":{"start":{"line":18,"column":8},"end":{"line":18,"column":54}},"8":{"start":{"line":3,"column":0},"end":{"line":3,"column":21}}},"fnMap":{"0":{"name":"(anonymous_0)","decl":{"start":{"line":4,"column":2},"end":{"line":4,"column":11}},"loc":{"start":{"line":4,"column":54},"end":{"line":20,"column":3}}}},"branchMap":{"0":{"loc":{"start":{"line":5,"column":4},"end":{"line":19,"column":null}},"type":"switch","locations":[{"start":{"line":6,"column":6},"end":{"line":7,"column":21}},{"start":{"line":8,"column":6},"end":{"line":9,"column":21}},{"start":{"line":10,"column":6},"end":{"line":11,"column":21}},{"start":{"line":12,"column":6},"end":{"line":16,"column":21}},{"start":{"line":17,"column":6},"end":{"line":18,"column":54}}]},"1":{"loc":{"start":{"line":13,"column":8},"end":{"line":15,"column":null}},"type":"if","locations":[{"start":{"line":13,"column":8},"end":{"line":15,"column":null}}]}},"s":{"0":5,"1":1,"2":1,"3":1,"4":2,"5":1,"6":1,"7":0,"8":1},"f":{"0":5},"b":{"0":[1,1,1,2,0],"1":[1]}}
}
