{"C:\\Users\\Юзер\\Desktop\\WORK\\ts-calculator-testing\\src\\Calculator.ts": {"path":"C:\\Users\\Юзер\\Desktop\\WORK\\ts-calculator-testing\\src\\Calculator.ts","statementMap":{"0":{"start":{"line":7,"column":8},"end":{"line":7,"column":17}},"1":{"start":{"line":8,"column":8},"end":{"line":8,"column":17}},"2":{"start":{"line":9,"column":8},"end":{"line":9,"column":23}},"3":{"start":{"line":12,"column":8},"end":{"line":26,"column":null}},"4":{"start":{"line":13,"column":12},"end":{"line":13,"column":35}},"5":{"start":{"line":15,"column":13},"end":{"line":26,"column":null}},"6":{"start":{"line":16,"column":12},"end":{"line":16,"column":35}},"7":{"start":{"line":18,"column":13},"end":{"line":26,"column":null}},"8":{"start":{"line":19,"column":12},"end":{"line":19,"column":35}},"9":{"start":{"line":21,"column":13},"end":{"line":26,"column":null}},"10":{"start":{"line":22,"column":12},"end":{"line":22,"column":35}},"11":{"start":{"line":25,"column":12},"end":{"line":25,"column":27}},"12":{"start":{"line":1,"column":0},"end":{"line":1,"column":21}}},"fnMap":{"0":{"name":"(anonymous_0)","decl":{"start":{"line":6,"column":4},"end":{"line":6,"column":16}},"loc":{"start":{"line":6,"column":47},"end":{"line":10,"column":5}}},"1":{"name":"(anonymous_1)","decl":{"start":{"line":11,"column":5},"end":{"line":11,"column":14}},"loc":{"start":{"line":11,"column":14},"end":{"line":27,"column":5}}}},"branchMap":{"0":{"loc":{"start":{"line":12,"column":8},"end":{"line":26,"column":null}},"type":"if","locations":[{"start":{"line":12,"column":8},"end":{"line":26,"column":null}},{"start":{"line":15,"column":13},"end":{"line":26,"column":null}}]},"1":{"loc":{"start":{"line":15,"column":13},"end":{"line":26,"column":null}},"type":"if","locations":[{"start":{"line":15,"column":13},"end":{"line":26,"column":null}},{"start":{"line":18,"column":13},"end":{"line":26,"column":null}}]},"2":{"loc":{"start":{"line":18,"column":13},"end":{"line":26,"column":null}},"type":"if","locations":[{"start":{"line":18,"column":13},"end":{"line":26,"column":null}},{"start":{"line":21,"column":13},"end":{"line":26,"column":null}}]},"3":{"loc":{"start":{"line":21,"column":13},"end":{"line":26,"column":null}},"type":"if","locations":[{"start":{"line":21,"column":13},"end":{"line":26,"column":null}},{"start":{"line":24,"column":12},"end":{"line":26,"column":null}}]}},"s":{"0":5,"1":5,"2":5,"3":5,"4":1,"5":4,"6":1,"7":3,"8":1,"9":2,"10":1,"11":1,"12":1},"f":{"0":5,"1":5},"b":{"0":[1,4],"1":[1,3],"2":[1,2],"3":[1,1]}}
}
